<?xml version="1.0" encoding="UTF-8"?>
<!-- Generated by org.testng.reporters.JUnitReportReporter -->
<testsuite skipped="0" hostname="LAPTOP-CL7U3OFA" name="testpages.AdminLoginPageTest" tests="5" failures="0" timestamp="04 May 2020 15:53:36 GMT" time="65.546" errors="0">
  <testcase name="LoginoageTest" time="15.486" classname="testpages.AdminLoginPageTest"/>
  <testcase name="verifylogoffbuttontest" time="12.092" classname="testpages.AdminLoginPageTest"/>
  <testcase name="verifyimagetest" time="11.570" classname="testpages.AdminLoginPageTest"/>
  <testcase name="verifytitletest" time="11.615" classname="testpages.AdminLoginPageTest"/>
  <testcase name="clickonlinecatalogtest" time="14.783" classname="testpages.AdminLoginPageTest"/>
</testsuite> <!-- testpages.AdminLoginPageTest -->
