<?xml version="1.0" encoding="UTF-8"?>
<!-- Generated by org.testng.reporters.JUnitReportReporter -->
<testsuite skipped="0" hostname="LAPTOP-CL7U3OFA" name="pages.Datatest" tests="5" failures="0" timestamp="04 May 2020 16:03:46 GMT" time="65.894" errors="0">
  <testcase name="logindatatest" time="12.747" classname="pages.Datatest"/>
  <testcase name="logindatatest" time="12.362" classname="pages.Datatest"/>
  <testcase name="logindatatest" time="14.764" classname="pages.Datatest"/>
  <testcase name="logindatatest" time="12.444" classname="pages.Datatest"/>
  <testcase name="logindatatest" time="13.577" classname="pages.Datatest"/>
</testsuite> <!-- pages.Datatest -->
